This file contains any messages produced by compilers while
running configure, to aid debugging if configure makes a mistake.

It was created by grab configure 1.0, which was
generated by GNU Autoconf 2.69.  Invocation command line was

  $ ./configure --build=x86_64-pc-linux-gnu --host=sh4-linux CPPFLAGS= -I/home/greder/Greder-Tangos/driver/bpamem --prefix=

## --------- ##
## Platform. ##
## --------- ##

hostname = greder-desktop
uname -m = x86_64
uname -r = 4.15.0-132-generic
uname -s = Linux
uname -v = #136-Ubuntu SMP Tue Jan 12 14:58:42 UTC 2021

/usr/bin/uname -p = unknown
/bin/uname -X     = unknown

/bin/arch              = unknown
/usr/bin/arch -k       = unknown
/usr/convex/getsysinfo = unknown
/usr/bin/hostinfo      = unknown
/bin/machine           = unknown
/usr/bin/oslevel       = unknown
/bin/universe          = unknown

PATH: /home/greder/Greder-Tangos/tufsbox/host/bin
PATH: /home/greder/Greder-Tangos/tufsbox/cross/bin
PATH: /home/greder/Greder-Tangos/cross/sh4/hl101/bin
PATH: /usr/local/sbin
PATH: /usr/local/bin
PATH: /usr/sbin
PATH: /usr/bin
PATH: /sbin
PATH: /bin
PATH: /usr/games
PATH: /usr/local/games
PATH: /snap/bin
PATH: /sbin
PATH: /usr/sbin
PATH: /usr/local/sbin


## ----------- ##
## Core tests. ##
## ----------- ##

configure:2310: checking for a BSD-compatible install
configure:2378: result: /usr/bin/install -c
configure:2389: checking whether build environment is sane
configure:2444: result: yes
configure:2503: checking for sh4-linux-strip
configure:2530: result: sh4-linux-strip
configure:2595: checking for a thread-safe mkdir -p
configure:2634: result: /bin/mkdir -p
configure:2641: checking for gawk
configure:2657: found /usr/bin/gawk
configure:2668: result: gawk
configure:2679: checking whether make sets $(MAKE)
configure:2701: result: yes
configure:2730: checking whether make supports nested variables
configure:2747: result: yes
configure:2884: checking whether make supports nested variables
configure:2901: result: yes
configure:2941: checking build system type
configure:2955: result: x86_64-pc-linux-gnu
configure:2975: checking host system type
configure:2988: result: sh4-unknown-linux-gnu
configure:3029: checking how to print strings
configure:3056: result: printf
configure:3089: checking for style of include used by make
configure:3117: result: GNU
configure:3148: checking for sh4-linux-gcc
configure:3175: result: sh4-linux-gcc
configure:3444: checking for C compiler version
configure:3453: sh4-linux-gcc --version >&5
sh4-linux-gcc (GCC) 4.8.4 20141219 (STMicroelectronics/Linux Base 4.8.4-139)
Copyright (C) 2013 Free Software Foundation, Inc.
This is free software; see the source for copying conditions.  There is NO
warranty; not even for MERCHANTABILITY or FITNESS FOR A PARTICULAR PURPOSE.

configure:3464: $? = 0
configure:3453: sh4-linux-gcc -v >&5
Using built-in specs.
COLLECT_GCC=/home/greder/Greder-Tangos/tufsbox/cross/bin/sh4-linux-gcc
COLLECT_LTO_WRAPPER=/home/greder/Greder-Tangos/tufsbox/cross/bin/../libexec/gcc/sh4-linux/4.8.4/lto-wrapper
Target: sh4-linux
Configured with: ../configure --target=sh4-linux --prefix=/opt/STM/STLinux-2.4/devkit/sh4 --exec-prefix=/opt/STM/STLinux-2.4/devkit/sh4 --bindir=/opt/STM/STLinux-2.4/devkit/sh4/bin --sbindir=/opt/STM/STLinux-2.4/devkit/sh4/sbin --sysconfdir=/opt/STM/STLinux-2.4/devkit/sh4/etc --datadir=/opt/STM/STLinux-2.4/devkit/sh4/share --includedir=/opt/STM/STLinux-2.4/devkit/sh4/include --libdir=/opt/STM/STLinux-2.4/devkit/sh4/lib --libexecdir=/opt/STM/STLinux-2.4/devkit/sh4/libexec --localstatedir=/opt/STM/STLinux-2.4/devkit/sh4/var --sharedstatedir=/opt/STM/STLinux-2.4/devkit/sh4/share --mandir=/opt/STM/STLinux-2.4/devkit/sh4/man --infodir=/opt/STM/STLinux-2.4/devkit/sh4/info --program-prefix=sh4-linux- --with-local-prefix=/opt/STM/STLinux-2.4/devkit/sh4 --with-sysroot=/opt/STM/STLinux-2.4/devkit/sh4/target --enable-target-optspace --enable-languages=c,c++ --enable-threads=posix --disable-libstdcxx-pch --enable-nls --enable-c99 --enable-long-long --with-system-zlib --enable-shared --disable-libgomp --with-pkgversion=GCC --with-bugurl=https://bugzilla.stlinux.com --disable-libitm --enable-multilib --disable-multi-sysroot --with-multilib-list=m4-nofpu --enable-lto --enable-symvers=gnu --with-mpc=/opt/STM/STLinux-2.4/devkit/sh4 --with-gmp=/opt/STM/STLinux-2.4/devkit/sh4 --with-mpfr=/opt/STM/STLinux-2.4/devkit/sh4 --without-ppl --enable-__cxa_atexit
Thread model: posix
gcc version 4.8.4 20141219 (STMicroelectronics/Linux Base 4.8.4-139) (GCC) 
configure:3464: $? = 0
configure:3453: sh4-linux-gcc -V >&5
sh4-linux-gcc: error: unrecognized command line option '-V'
sh4-linux-gcc: fatal error: no input files
compilation terminated.
configure:3464: $? = 1
configure:3453: sh4-linux-gcc -qversion >&5
sh4-linux-gcc: error: unrecognized command line option '-qversion'
sh4-linux-gcc: fatal error: no input files
compilation terminated.
configure:3464: $? = 1
configure:3484: checking whether the C compiler works
configure:3506: sh4-linux-gcc -pipe -Os  -ffunction-sections -fdata-sections -I/home/greder/Greder-Tangos/tufsbox/cdkroot/usr/include  -I/home/greder/Greder-Tangos/driver/bpamem  -Wl,-rpath -Wl,/usr/lib -Wl,-rpath-link -Wl,/home/greder/Greder-Tangos/tufsbox/cdkroot/usr/lib -L/home/greder/Greder-Tangos/tufsbox/cdkroot/usr/lib -L/home/greder/Greder-Tangos/tufsbox/cdkroot/lib -Wl,--gc-sections conftest.c  >&5
configure:3510: $? = 0
configure:3558: result: yes
configure:3561: checking for C compiler default output file name
configure:3563: result: a.out
configure:3569: checking for suffix of executables
configure:3576: sh4-linux-gcc -o conftest -pipe -Os  -ffunction-sections -fdata-sections -I/home/greder/Greder-Tangos/tufsbox/cdkroot/usr/include  -I/home/greder/Greder-Tangos/driver/bpamem  -Wl,-rpath -Wl,/usr/lib -Wl,-rpath-link -Wl,/home/greder/Greder-Tangos/tufsbox/cdkroot/usr/lib -L/home/greder/Greder-Tangos/tufsbox/cdkroot/usr/lib -L/home/greder/Greder-Tangos/tufsbox/cdkroot/lib -Wl,--gc-sections conftest.c  >&5
configure:3580: $? = 0
configure:3602: result: 
configure:3624: checking whether we are cross compiling
configure:3662: result: yes
configure:3667: checking for suffix of object files
configure:3689: sh4-linux-gcc -c -pipe -Os  -ffunction-sections -fdata-sections -I/home/greder/Greder-Tangos/tufsbox/cdkroot/usr/include  -I/home/greder/Greder-Tangos/driver/bpamem conftest.c >&5
configure:3693: $? = 0
configure:3714: result: o
configure:3718: checking whether we are using the GNU C compiler
configure:3737: sh4-linux-gcc -c -pipe -Os  -ffunction-sections -fdata-sections -I/home/greder/Greder-Tangos/tufsbox/cdkroot/usr/include  -I/home/greder/Greder-Tangos/driver/bpamem conftest.c >&5
configure:3737: $? = 0
configure:3746: result: yes
configure:3755: checking whether sh4-linux-gcc accepts -g
configure:3775: sh4-linux-gcc -c -g  -I/home/greder/Greder-Tangos/driver/bpamem conftest.c >&5
configure:3775: $? = 0
configure:3816: result: yes
configure:3833: checking for sh4-linux-gcc option to accept ISO C89
configure:3896: sh4-linux-gcc  -c -pipe -Os  -ffunction-sections -fdata-sections -I/home/greder/Greder-Tangos/tufsbox/cdkroot/usr/include  -I/home/greder/Greder-Tangos/driver/bpamem conftest.c >&5
configure:3896: $? = 0
configure:3909: result: none needed
configure:3934: checking whether sh4-linux-gcc understands -c and -o together
configure:3956: sh4-linux-gcc -c conftest.c -o conftest2.o
configure:3959: $? = 0
configure:3956: sh4-linux-gcc -c conftest.c -o conftest2.o
configure:3959: $? = 0
configure:3971: result: yes
configure:3990: checking dependency style of sh4-linux-gcc
configure:4101: result: gcc3
configure:4116: checking for a sed that does not truncate output
configure:4180: result: /bin/sed
configure:4198: checking for grep that handles long lines and -e
configure:4256: result: /bin/grep
configure:4261: checking for egrep
configure:4323: result: /bin/grep -E
configure:4328: checking for fgrep
configure:4390: result: /bin/grep -F
configure:4425: checking for ld used by sh4-linux-gcc
configure:4492: result: sh4-linux-ld
configure:4499: checking if the linker (sh4-linux-ld) is GNU ld
configure:4514: result: yes
configure:4526: checking for BSD- or MS-compatible name lister (nm)
configure:4580: result: sh4-linux-nm
configure:4710: checking the name lister (sh4-linux-nm) interface
configure:4717: sh4-linux-gcc -c -pipe -Os  -ffunction-sections -fdata-sections -I/home/greder/Greder-Tangos/tufsbox/cdkroot/usr/include  -I/home/greder/Greder-Tangos/driver/bpamem conftest.c >&5
configure:4720: sh4-linux-nm "conftest.o"
configure:4723: output
00000000 B some_variable
configure:4730: result: BSD nm
configure:4733: checking whether ln -s works
configure:4737: result: yes
configure:4745: checking the maximum length of command line arguments
configure:4876: result: 1572864
configure:4924: checking how to convert x86_64-pc-linux-gnu file names to sh4-unknown-linux-gnu format
configure:4964: result: func_convert_file_noop
configure:4971: checking how to convert x86_64-pc-linux-gnu file names to toolchain format
configure:4991: result: func_convert_file_noop
configure:4998: checking for sh4-linux-ld option to reload object files
configure:5005: result: -r
configure:5039: checking for sh4-linux-objdump
configure:5066: result: sh4-linux-objdump
configure:5138: checking how to recognize dependent libraries
configure:5338: result: pass_all
configure:5383: checking for sh4-linux-dlltool
configure:5413: result: no
configure:5423: checking for dlltool
configure:5453: result: no
configure:5483: checking how to associate runtime and link libraries
configure:5510: result: printf %s\n
configure:5527: checking for sh4-linux-ar
configure:5554: result: sh4-linux-ar
configure:5635: checking for archiver @FILE support
configure:5652: sh4-linux-gcc -c -pipe -Os  -ffunction-sections -fdata-sections -I/home/greder/Greder-Tangos/tufsbox/cdkroot/usr/include  -I/home/greder/Greder-Tangos/driver/bpamem conftest.c >&5
configure:5652: $? = 0
configure:5655: sh4-linux-ar cru libconftest.a @conftest.lst >&5
configure:5658: $? = 0
configure:5663: sh4-linux-ar cru libconftest.a @conftest.lst >&5
sh4-linux-ar: conftest.o: No such file or directory
configure:5666: $? = 1
configure:5678: result: @
configure:5696: checking for sh4-linux-strip
configure:5723: result: sh4-linux-strip
configure:5795: checking for sh4-linux-ranlib
configure:5822: result: sh4-linux-ranlib
configure:5964: checking command to parse sh4-linux-nm output from sh4-linux-gcc object
configure:6117: sh4-linux-gcc -c -pipe -Os  -ffunction-sections -fdata-sections -I/home/greder/Greder-Tangos/tufsbox/cdkroot/usr/include  -I/home/greder/Greder-Tangos/driver/bpamem conftest.c >&5
configure:6120: $? = 0
configure:6124: sh4-linux-nm conftest.o \| sed -n -e 's/^.*[ ]\([ABCDGIRSTW][ABCDGIRSTW]*\)[ ][ ]*\([_A-Za-z][_A-Za-z0-9]*\)$/\1 \2 \2/p' | sed '/ __gnu_lto/d' \> conftest.nm
configure:6127: $? = 0
configure:6193: sh4-linux-gcc -o conftest -pipe -Os  -ffunction-sections -fdata-sections -I/home/greder/Greder-Tangos/tufsbox/cdkroot/usr/include  -I/home/greder/Greder-Tangos/driver/bpamem  -Wl,-rpath -Wl,/usr/lib -Wl,-rpath-link -Wl,/home/greder/Greder-Tangos/tufsbox/cdkroot/usr/lib -L/home/greder/Greder-Tangos/tufsbox/cdkroot/usr/lib -L/home/greder/Greder-Tangos/tufsbox/cdkroot/lib -Wl,--gc-sections conftest.c conftstm.o >&5
configure:6196: $? = 0
configure:6234: result: ok
configure:6281: checking for sysroot
configure:6311: result: no
configure:6318: checking for a working dd
configure:6356: result: /bin/dd
configure:6360: checking how to truncate binary pipes
configure:6375: result: /bin/dd bs=4096 count=1
configure:6664: checking for sh4-linux-mt
configure:6694: result: no
configure:6704: checking for mt
configure:6720: found /bin/mt
configure:6731: result: mt
configure:6743: WARNING: using cross tools not prefixed with host triplet
configure:6754: checking if mt is a manifest tool
configure:6760: mt '-?'
configure:6768: result: no
configure:7445: checking how to run the C preprocessor
configure:7476: sh4-linux-gcc -E  -I/home/greder/Greder-Tangos/driver/bpamem conftest.c
configure:7476: $? = 0
configure:7490: sh4-linux-gcc -E  -I/home/greder/Greder-Tangos/driver/bpamem conftest.c
conftest.c:11:28: fatal error: ac_nonexistent.h: No such file or directory
 #include <ac_nonexistent.h>
                            ^
compilation terminated.
configure:7490: $? = 1
configure: failed program was:
| /* confdefs.h */
| #define PACKAGE_NAME "grab"
| #define PACKAGE_TARNAME "grab"
| #define PACKAGE_VERSION "1.0"
| #define PACKAGE_STRING "grab 1.0"
| #define PACKAGE_BUGREPORT ""
| #define PACKAGE_URL ""
| #define PACKAGE "grab"
| #define VERSION "1.0"
| /* end confdefs.h.  */
| #include <ac_nonexistent.h>
configure:7515: result: sh4-linux-gcc -E
configure:7535: sh4-linux-gcc -E  -I/home/greder/Greder-Tangos/driver/bpamem conftest.c
configure:7535: $? = 0
configure:7549: sh4-linux-gcc -E  -I/home/greder/Greder-Tangos/driver/bpamem conftest.c
conftest.c:11:28: fatal error: ac_nonexistent.h: No such file or directory
 #include <ac_nonexistent.h>
                            ^
compilation terminated.
configure:7549: $? = 1
configure: failed program was:
| /* confdefs.h */
| #define PACKAGE_NAME "grab"
| #define PACKAGE_TARNAME "grab"
| #define PACKAGE_VERSION "1.0"
| #define PACKAGE_STRING "grab 1.0"
| #define PACKAGE_BUGREPORT ""
| #define PACKAGE_URL ""
| #define PACKAGE "grab"
| #define VERSION "1.0"
| /* end confdefs.h.  */
| #include <ac_nonexistent.h>
configure:7578: checking for ANSI C header files
configure:7598: sh4-linux-gcc -c -pipe -Os  -ffunction-sections -fdata-sections -I/home/greder/Greder-Tangos/tufsbox/cdkroot/usr/include  -I/home/greder/Greder-Tangos/driver/bpamem conftest.c >&5
configure:7598: $? = 0
configure:7682: result: yes
configure:7695: checking for sys/types.h
configure:7695: sh4-linux-gcc -c -pipe -Os  -ffunction-sections -fdata-sections -I/home/greder/Greder-Tangos/tufsbox/cdkroot/usr/include  -I/home/greder/Greder-Tangos/driver/bpamem conftest.c >&5
configure:7695: $? = 0
configure:7695: result: yes
configure:7695: checking for sys/stat.h
configure:7695: sh4-linux-gcc -c -pipe -Os  -ffunction-sections -fdata-sections -I/home/greder/Greder-Tangos/tufsbox/cdkroot/usr/include  -I/home/greder/Greder-Tangos/driver/bpamem conftest.c >&5
configure:7695: $? = 0
configure:7695: result: yes
configure:7695: checking for stdlib.h
configure:7695: sh4-linux-gcc -c -pipe -Os  -ffunction-sections -fdata-sections -I/home/greder/Greder-Tangos/tufsbox/cdkroot/usr/include  -I/home/greder/Greder-Tangos/driver/bpamem conftest.c >&5
configure:7695: $? = 0
configure:7695: result: yes
configure:7695: checking for string.h
configure:7695: sh4-linux-gcc -c -pipe -Os  -ffunction-sections -fdata-sections -I/home/greder/Greder-Tangos/tufsbox/cdkroot/usr/include  -I/home/greder/Greder-Tangos/driver/bpamem conftest.c >&5
configure:7695: $? = 0
configure:7695: result: yes
configure:7695: checking for memory.h
configure:7695: sh4-linux-gcc -c -pipe -Os  -ffunction-sections -fdata-sections -I/home/greder/Greder-Tangos/tufsbox/cdkroot/usr/include  -I/home/greder/Greder-Tangos/driver/bpamem conftest.c >&5
configure:7695: $? = 0
configure:7695: result: yes
configure:7695: checking for strings.h
configure:7695: sh4-linux-gcc -c -pipe -Os  -ffunction-sections -fdata-sections -I/home/greder/Greder-Tangos/tufsbox/cdkroot/usr/include  -I/home/greder/Greder-Tangos/driver/bpamem conftest.c >&5
configure:7695: $? = 0
configure:7695: result: yes
configure:7695: checking for inttypes.h
configure:7695: sh4-linux-gcc -c -pipe -Os  -ffunction-sections -fdata-sections -I/home/greder/Greder-Tangos/tufsbox/cdkroot/usr/include  -I/home/greder/Greder-Tangos/driver/bpamem conftest.c >&5
configure:7695: $? = 0
configure:7695: result: yes
configure:7695: checking for stdint.h
configure:7695: sh4-linux-gcc -c -pipe -Os  -ffunction-sections -fdata-sections -I/home/greder/Greder-Tangos/tufsbox/cdkroot/usr/include  -I/home/greder/Greder-Tangos/driver/bpamem conftest.c >&5
configure:7695: $? = 0
configure:7695: result: yes
configure:7695: checking for unistd.h
configure:7695: sh4-linux-gcc -c -pipe -Os  -ffunction-sections -fdata-sections -I/home/greder/Greder-Tangos/tufsbox/cdkroot/usr/include  -I/home/greder/Greder-Tangos/driver/bpamem conftest.c >&5
configure:7695: $? = 0
configure:7695: result: yes
configure:7709: checking for dlfcn.h
configure:7709: sh4-linux-gcc -c -pipe -Os  -ffunction-sections -fdata-sections -I/home/greder/Greder-Tangos/tufsbox/cdkroot/usr/include  -I/home/greder/Greder-Tangos/driver/bpamem conftest.c >&5
configure:7709: $? = 0
configure:7709: result: yes
configure:7965: checking for objdir
configure:7980: result: .libs
configure:8240: checking if sh4-linux-gcc supports -fno-rtti -fno-exceptions
configure:8258: sh4-linux-gcc -c -pipe -Os  -ffunction-sections -fdata-sections -I/home/greder/Greder-Tangos/tufsbox/cdkroot/usr/include  -I/home/greder/Greder-Tangos/driver/bpamem -fno-rtti -fno-exceptions conftest.c >&5
cc1: warning: command line option '-fno-rtti' is valid for C++/ObjC++ but not for C [enabled by default]
configure:8262: $? = 0
configure:8275: result: no
configure:8633: checking for sh4-linux-gcc option to produce PIC
configure:8640: result: -fPIC -DPIC
configure:8648: checking if sh4-linux-gcc PIC flag -fPIC -DPIC works
configure:8666: sh4-linux-gcc -c -pipe -Os  -ffunction-sections -fdata-sections -I/home/greder/Greder-Tangos/tufsbox/cdkroot/usr/include  -I/home/greder/Greder-Tangos/driver/bpamem -fPIC -DPIC -DPIC conftest.c >&5
configure:8670: $? = 0
configure:8683: result: yes
configure:8712: checking if sh4-linux-gcc static flag -static works
configure:8740: result: yes
configure:8755: checking if sh4-linux-gcc supports -c -o file.o
configure:8776: sh4-linux-gcc -c -pipe -Os  -ffunction-sections -fdata-sections -I/home/greder/Greder-Tangos/tufsbox/cdkroot/usr/include  -I/home/greder/Greder-Tangos/driver/bpamem -o out/conftest2.o conftest.c >&5
configure:8780: $? = 0
configure:8802: result: yes
configure:8810: checking if sh4-linux-gcc supports -c -o file.o
configure:8857: result: yes
configure:8890: checking whether the sh4-linux-gcc linker (sh4-linux-ld) supports shared libraries
configure:10153: result: yes
configure:10190: checking whether -lc should be explicitly linked in
configure:10198: sh4-linux-gcc -c -pipe -Os  -ffunction-sections -fdata-sections -I/home/greder/Greder-Tangos/tufsbox/cdkroot/usr/include  -I/home/greder/Greder-Tangos/driver/bpamem conftest.c >&5
configure:10201: $? = 0
configure:10216: sh4-linux-gcc -shared  -fPIC -DPIC conftest.o  -v -Wl,-soname -Wl,conftest -o conftest 2\>\&1 \| /bin/grep  -lc  \>/dev/null 2\>\&1
configure:10219: $? = 0
configure:10233: result: no
configure:10393: checking dynamic linker characteristics
configure:10974: sh4-linux-gcc -o conftest -pipe -Os  -ffunction-sections -fdata-sections -I/home/greder/Greder-Tangos/tufsbox/cdkroot/usr/include  -I/home/greder/Greder-Tangos/driver/bpamem  -Wl,-rpath -Wl,/usr/lib -Wl,-rpath-link -Wl,/home/greder/Greder-Tangos/tufsbox/cdkroot/usr/lib -L/home/greder/Greder-Tangos/tufsbox/cdkroot/usr/lib -L/home/greder/Greder-Tangos/tufsbox/cdkroot/lib -Wl,--gc-sections -Wl,-rpath -Wl,/foo conftest.c  >&5
configure:10974: $? = 0
configure:11223: result: GNU/Linux ld.so
configure:11345: checking how to hardcode library paths into programs
configure:11370: result: immediate
configure:11918: checking whether stripping libraries is possible
configure:11923: result: yes
configure:11958: checking if libtool supports shared libraries
configure:11960: result: yes
configure:11963: checking whether to build shared libraries
configure:11988: result: yes
configure:11991: checking whether to build static libraries
configure:11995: result: yes
configure:12044: checking for sh4-linux-gcc
configure:12071: result: sh4-linux-gcc
configure:12340: checking for C compiler version
configure:12349: sh4-linux-gcc --version >&5
sh4-linux-gcc (GCC) 4.8.4 20141219 (STMicroelectronics/Linux Base 4.8.4-139)
Copyright (C) 2013 Free Software Foundation, Inc.
This is free software; see the source for copying conditions.  There is NO
warranty; not even for MERCHANTABILITY or FITNESS FOR A PARTICULAR PURPOSE.

configure:12360: $? = 0
configure:12349: sh4-linux-gcc -v >&5
Using built-in specs.
COLLECT_GCC=/home/greder/Greder-Tangos/tufsbox/cross/bin/sh4-linux-gcc
COLLECT_LTO_WRAPPER=/home/greder/Greder-Tangos/tufsbox/cross/bin/../libexec/gcc/sh4-linux/4.8.4/lto-wrapper
Target: sh4-linux
Configured with: ../configure --target=sh4-linux --prefix=/opt/STM/STLinux-2.4/devkit/sh4 --exec-prefix=/opt/STM/STLinux-2.4/devkit/sh4 --bindir=/opt/STM/STLinux-2.4/devkit/sh4/bin --sbindir=/opt/STM/STLinux-2.4/devkit/sh4/sbin --sysconfdir=/opt/STM/STLinux-2.4/devkit/sh4/etc --datadir=/opt/STM/STLinux-2.4/devkit/sh4/share --includedir=/opt/STM/STLinux-2.4/devkit/sh4/include --libdir=/opt/STM/STLinux-2.4/devkit/sh4/lib --libexecdir=/opt/STM/STLinux-2.4/devkit/sh4/libexec --localstatedir=/opt/STM/STLinux-2.4/devkit/sh4/var --sharedstatedir=/opt/STM/STLinux-2.4/devkit/sh4/share --mandir=/opt/STM/STLinux-2.4/devkit/sh4/man --infodir=/opt/STM/STLinux-2.4/devkit/sh4/info --program-prefix=sh4-linux- --with-local-prefix=/opt/STM/STLinux-2.4/devkit/sh4 --with-sysroot=/opt/STM/STLinux-2.4/devkit/sh4/target --enable-target-optspace --enable-languages=c,c++ --enable-threads=posix --disable-libstdcxx-pch --enable-nls --enable-c99 --enable-long-long --with-system-zlib --enable-shared --disable-libgomp --with-pkgversion=GCC --with-bugurl=https://bugzilla.stlinux.com --disable-libitm --enable-multilib --disable-multi-sysroot --with-multilib-list=m4-nofpu --enable-lto --enable-symvers=gnu --with-mpc=/opt/STM/STLinux-2.4/devkit/sh4 --with-gmp=/opt/STM/STLinux-2.4/devkit/sh4 --with-mpfr=/opt/STM/STLinux-2.4/devkit/sh4 --without-ppl --enable-__cxa_atexit
Thread model: posix
gcc version 4.8.4 20141219 (STMicroelectronics/Linux Base 4.8.4-139) (GCC) 
configure:12360: $? = 0
configure:12349: sh4-linux-gcc -V >&5
sh4-linux-gcc: error: unrecognized command line option '-V'
sh4-linux-gcc: fatal error: no input files
compilation terminated.
configure:12360: $? = 1
configure:12349: sh4-linux-gcc -qversion >&5
sh4-linux-gcc: error: unrecognized command line option '-qversion'
sh4-linux-gcc: fatal error: no input files
compilation terminated.
configure:12360: $? = 1
configure:12364: checking whether we are using the GNU C compiler
configure:12392: result: yes
configure:12401: checking whether sh4-linux-gcc accepts -g
configure:12462: result: yes
configure:12479: checking for sh4-linux-gcc option to accept ISO C89
configure:12555: result: none needed
configure:12580: checking whether sh4-linux-gcc understands -c and -o together
configure:12617: result: yes
configure:12636: checking dependency style of sh4-linux-gcc
configure:12747: result: gcc3
configure:12874: checking for C++ compiler version
configure:12883: sh4-linux-g++ --version >&5
sh4-linux-g++ (GCC) 4.8.4 20141219 (STMicroelectronics/Linux Base 4.8.4-139)
Copyright (C) 2013 Free Software Foundation, Inc.
This is free software; see the source for copying conditions.  There is NO
warranty; not even for MERCHANTABILITY or FITNESS FOR A PARTICULAR PURPOSE.

configure:12894: $? = 0
configure:12883: sh4-linux-g++ -v >&5
Using built-in specs.
COLLECT_GCC=/home/greder/Greder-Tangos/tufsbox/cross/bin/sh4-linux-g++
COLLECT_LTO_WRAPPER=/home/greder/Greder-Tangos/tufsbox/cross/bin/../libexec/gcc/sh4-linux/4.8.4/lto-wrapper
Target: sh4-linux
Configured with: ../configure --target=sh4-linux --prefix=/opt/STM/STLinux-2.4/devkit/sh4 --exec-prefix=/opt/STM/STLinux-2.4/devkit/sh4 --bindir=/opt/STM/STLinux-2.4/devkit/sh4/bin --sbindir=/opt/STM/STLinux-2.4/devkit/sh4/sbin --sysconfdir=/opt/STM/STLinux-2.4/devkit/sh4/etc --datadir=/opt/STM/STLinux-2.4/devkit/sh4/share --includedir=/opt/STM/STLinux-2.4/devkit/sh4/include --libdir=/opt/STM/STLinux-2.4/devkit/sh4/lib --libexecdir=/opt/STM/STLinux-2.4/devkit/sh4/libexec --localstatedir=/opt/STM/STLinux-2.4/devkit/sh4/var --sharedstatedir=/opt/STM/STLinux-2.4/devkit/sh4/share --mandir=/opt/STM/STLinux-2.4/devkit/sh4/man --infodir=/opt/STM/STLinux-2.4/devkit/sh4/info --program-prefix=sh4-linux- --with-local-prefix=/opt/STM/STLinux-2.4/devkit/sh4 --with-sysroot=/opt/STM/STLinux-2.4/devkit/sh4/target --enable-target-optspace --enable-languages=c,c++ --enable-threads=posix --disable-libstdcxx-pch --enable-nls --enable-c99 --enable-long-long --with-system-zlib --enable-shared --disable-libgomp --with-pkgversion=GCC --with-bugurl=https://bugzilla.stlinux.com --disable-libitm --enable-multilib --disable-multi-sysroot --with-multilib-list=m4-nofpu --enable-lto --enable-symvers=gnu --with-mpc=/opt/STM/STLinux-2.4/devkit/sh4 --with-gmp=/opt/STM/STLinux-2.4/devkit/sh4 --with-mpfr=/opt/STM/STLinux-2.4/devkit/sh4 --without-ppl --enable-__cxa_atexit
Thread model: posix
gcc version 4.8.4 20141219 (STMicroelectronics/Linux Base 4.8.4-139) (GCC) 
configure:12894: $? = 0
configure:12883: sh4-linux-g++ -V >&5
sh4-linux-g++: error: unrecognized command line option '-V'
sh4-linux-g++: fatal error: no input files
compilation terminated.
configure:12894: $? = 1
configure:12883: sh4-linux-g++ -qversion >&5
sh4-linux-g++: error: unrecognized command line option '-qversion'
sh4-linux-g++: fatal error: no input files
compilation terminated.
configure:12894: $? = 1
configure:12898: checking whether we are using the GNU C++ compiler
configure:12917: sh4-linux-g++ -c -pipe -Os  -ffunction-sections -fdata-sections -I/home/greder/Greder-Tangos/tufsbox/cdkroot/usr/include  -I/home/greder/Greder-Tangos/driver/bpamem conftest.cpp >&5
configure:12917: $? = 0
configure:12926: result: yes
configure:12935: checking whether sh4-linux-g++ accepts -g
configure:12955: sh4-linux-g++ -c -g  -I/home/greder/Greder-Tangos/driver/bpamem conftest.cpp >&5
configure:12955: $? = 0
configure:12996: result: yes
configure:13021: checking dependency style of sh4-linux-g++
configure:13132: result: gcc3
configure:13165: checking how to run the C++ preprocessor
configure:13192: sh4-linux-g++ -E  -I/home/greder/Greder-Tangos/driver/bpamem conftest.cpp
configure:13192: $? = 0
configure:13206: sh4-linux-g++ -E  -I/home/greder/Greder-Tangos/driver/bpamem conftest.cpp
conftest.cpp:23:28: fatal error: ac_nonexistent.h: No such file or directory
 #include <ac_nonexistent.h>
                            ^
compilation terminated.
configure:13206: $? = 1
configure: failed program was:
| /* confdefs.h */
| #define PACKAGE_NAME "grab"
| #define PACKAGE_TARNAME "grab"
| #define PACKAGE_VERSION "1.0"
| #define PACKAGE_STRING "grab 1.0"
| #define PACKAGE_BUGREPORT ""
| #define PACKAGE_URL ""
| #define PACKAGE "grab"
| #define VERSION "1.0"
| #define STDC_HEADERS 1
| #define HAVE_SYS_TYPES_H 1
| #define HAVE_SYS_STAT_H 1
| #define HAVE_STDLIB_H 1
| #define HAVE_STRING_H 1
| #define HAVE_MEMORY_H 1
| #define HAVE_STRINGS_H 1
| #define HAVE_INTTYPES_H 1
| #define HAVE_STDINT_H 1
| #define HAVE_UNISTD_H 1
| #define HAVE_DLFCN_H 1
| #define LT_OBJDIR ".libs/"
| /* end confdefs.h.  */
| #include <ac_nonexistent.h>
configure:13231: result: sh4-linux-g++ -E
configure:13251: sh4-linux-g++ -E  -I/home/greder/Greder-Tangos/driver/bpamem conftest.cpp
configure:13251: $? = 0
configure:13265: sh4-linux-g++ -E  -I/home/greder/Greder-Tangos/driver/bpamem conftest.cpp
conftest.cpp:23:28: fatal error: ac_nonexistent.h: No such file or directory
 #include <ac_nonexistent.h>
                            ^
compilation terminated.
configure:13265: $? = 1
configure: failed program was:
| /* confdefs.h */
| #define PACKAGE_NAME "grab"
| #define PACKAGE_TARNAME "grab"
| #define PACKAGE_VERSION "1.0"
| #define PACKAGE_STRING "grab 1.0"
| #define PACKAGE_BUGREPORT ""
| #define PACKAGE_URL ""
| #define PACKAGE "grab"
| #define VERSION "1.0"
| #define STDC_HEADERS 1
| #define HAVE_SYS_TYPES_H 1
| #define HAVE_SYS_STAT_H 1
| #define HAVE_STDLIB_H 1
| #define HAVE_STRING_H 1
| #define HAVE_MEMORY_H 1
| #define HAVE_STRINGS_H 1
| #define HAVE_INTTYPES_H 1
| #define HAVE_STDINT_H 1
| #define HAVE_UNISTD_H 1
| #define HAVE_DLFCN_H 1
| #define LT_OBJDIR ".libs/"
| /* end confdefs.h.  */
| #include <ac_nonexistent.h>
configure:13427: checking for ld used by sh4-linux-g++
configure:13494: result: sh4-linux-ld
configure:13501: checking if the linker (sh4-linux-ld) is GNU ld
configure:13516: result: yes
configure:13571: checking whether the sh4-linux-g++ linker (sh4-linux-ld) supports shared libraries
configure:14644: result: yes
configure:14680: sh4-linux-g++ -c -pipe -Os  -ffunction-sections -fdata-sections -I/home/greder/Greder-Tangos/tufsbox/cdkroot/usr/include  -I/home/greder/Greder-Tangos/driver/bpamem conftest.cpp >&5
configure:14683: $? = 0
configure:15164: checking for sh4-linux-g++ option to produce PIC
configure:15171: result: -fPIC -DPIC
configure:15179: checking if sh4-linux-g++ PIC flag -fPIC -DPIC works
configure:15197: sh4-linux-g++ -c -pipe -Os  -ffunction-sections -fdata-sections -I/home/greder/Greder-Tangos/tufsbox/cdkroot/usr/include  -I/home/greder/Greder-Tangos/driver/bpamem -fPIC -DPIC -DPIC conftest.cpp >&5
configure:15201: $? = 0
configure:15214: result: yes
configure:15237: checking if sh4-linux-g++ static flag -static works
configure:15265: result: yes
configure:15277: checking if sh4-linux-g++ supports -c -o file.o
configure:15298: sh4-linux-g++ -c -pipe -Os  -ffunction-sections -fdata-sections -I/home/greder/Greder-Tangos/tufsbox/cdkroot/usr/include  -I/home/greder/Greder-Tangos/driver/bpamem -o out/conftest2.o conftest.cpp >&5
configure:15302: $? = 0
configure:15324: result: yes
configure:15329: checking if sh4-linux-g++ supports -c -o file.o
configure:15376: result: yes
configure:15406: checking whether the sh4-linux-g++ linker (sh4-linux-ld) supports shared libraries
configure:15449: result: yes
configure:15590: checking dynamic linker characteristics
configure:16347: result: GNU/Linux ld.so
configure:16412: checking how to hardcode library paths into programs
configure:16437: result: immediate
configure:16589: checking that generated files are newer than configure
configure:16595: result: done
configure:16626: creating ./config.status

## ---------------------- ##
## Running config.status. ##
## ---------------------- ##

This file was extended by grab config.status 1.0, which was
generated by GNU Autoconf 2.69.  Invocation command line was

  CONFIG_FILES    = 
  CONFIG_HEADERS  = 
  CONFIG_LINKS    = 
  CONFIG_COMMANDS = 
  $ ./config.status 

on greder-desktop

config.status:1148: creating Makefile
config.status:1148: creating config.h
config.status:1377: executing depfiles commands
config.status:1377: executing libtool commands

## ---------------- ##
## Cache variables. ##
## ---------------- ##

ac_cv_build=x86_64-pc-linux-gnu
ac_cv_c_compiler_gnu=yes
ac_cv_cxx_compiler_gnu=yes
ac_cv_env_CCC_set=
ac_cv_env_CCC_value=
ac_cv_env_CC_set=set
ac_cv_env_CC_value=sh4-linux-gcc
ac_cv_env_CFLAGS_set=set
ac_cv_env_CFLAGS_value='-pipe -Os  -ffunction-sections -fdata-sections -I/home/greder/Greder-Tangos/tufsbox/cdkroot/usr/include'
ac_cv_env_CPPFLAGS_set=set
ac_cv_env_CPPFLAGS_value=' -I/home/greder/Greder-Tangos/driver/bpamem'
ac_cv_env_CPP_set=
ac_cv_env_CPP_value=
ac_cv_env_CXXCPP_set=
ac_cv_env_CXXCPP_value=
ac_cv_env_CXXFLAGS_set=set
ac_cv_env_CXXFLAGS_value='-pipe -Os  -ffunction-sections -fdata-sections -I/home/greder/Greder-Tangos/tufsbox/cdkroot/usr/include'
ac_cv_env_CXX_set=set
ac_cv_env_CXX_value=sh4-linux-g++
ac_cv_env_LDFLAGS_set=set
ac_cv_env_LDFLAGS_value=' -Wl,-rpath -Wl,/usr/lib -Wl,-rpath-link -Wl,/home/greder/Greder-Tangos/tufsbox/cdkroot/usr/lib -L/home/greder/Greder-Tangos/tufsbox/cdkroot/usr/lib -L/home/greder/Greder-Tangos/tufsbox/cdkroot/lib -Wl,--gc-sections'
ac_cv_env_LIBS_set=
ac_cv_env_LIBS_value=
ac_cv_env_LT_SYS_LIBRARY_PATH_set=
ac_cv_env_LT_SYS_LIBRARY_PATH_value=
ac_cv_env_build_alias_set=set
ac_cv_env_build_alias_value=x86_64-pc-linux-gnu
ac_cv_env_host_alias_set=set
ac_cv_env_host_alias_value=sh4-linux
ac_cv_env_target_alias_set=
ac_cv_env_target_alias_value=
ac_cv_header_dlfcn_h=yes
ac_cv_header_inttypes_h=yes
ac_cv_header_memory_h=yes
ac_cv_header_stdc=yes
ac_cv_header_stdint_h=yes
ac_cv_header_stdlib_h=yes
ac_cv_header_string_h=yes
ac_cv_header_strings_h=yes
ac_cv_header_sys_stat_h=yes
ac_cv_header_sys_types_h=yes
ac_cv_header_unistd_h=yes
ac_cv_host=sh4-unknown-linux-gnu
ac_cv_objext=o
ac_cv_path_EGREP='/bin/grep -E'
ac_cv_path_FGREP='/bin/grep -F'
ac_cv_path_GREP=/bin/grep
ac_cv_path_SED=/bin/sed
ac_cv_path_install='/usr/bin/install -c'
ac_cv_path_lt_DD=/bin/dd
ac_cv_path_mkdir=/bin/mkdir
ac_cv_prog_AR=sh4-linux-ar
ac_cv_prog_AWK=gawk
ac_cv_prog_CC=sh4-linux-gcc
ac_cv_prog_CPP='sh4-linux-gcc -E'
ac_cv_prog_CXXCPP='sh4-linux-g++ -E'
ac_cv_prog_OBJDUMP=sh4-linux-objdump
ac_cv_prog_RANLIB=sh4-linux-ranlib
ac_cv_prog_STRIP=sh4-linux-strip
ac_cv_prog_ac_ct_MANIFEST_TOOL=mt
ac_cv_prog_cc_c89=
ac_cv_prog_cc_g=yes
ac_cv_prog_cxx_g=yes
ac_cv_prog_make_make_set=yes
am_cv_CC_dependencies_compiler_type=gcc3
am_cv_CXX_dependencies_compiler_type=gcc3
am_cv_make_support_nested_variables=yes
am_cv_prog_cc_c_o=yes
lt_cv_ar_at_file=@
lt_cv_archive_cmds_need_lc=no
lt_cv_deplibs_check_method=pass_all
lt_cv_file_magic_cmd='$MAGIC_CMD'
lt_cv_file_magic_test_file=
lt_cv_ld_reload_flag=-r
lt_cv_nm_interface='BSD nm'
lt_cv_objdir=.libs
lt_cv_path_LD=sh4-linux-ld
lt_cv_path_LDCXX=sh4-linux-ld
lt_cv_path_NM=sh4-linux-nm
lt_cv_path_mainfest_tool=no
lt_cv_prog_compiler_c_o=yes
lt_cv_prog_compiler_c_o_CXX=yes
lt_cv_prog_compiler_pic='-fPIC -DPIC'
lt_cv_prog_compiler_pic_CXX='-fPIC -DPIC'
lt_cv_prog_compiler_pic_works=yes
lt_cv_prog_compiler_pic_works_CXX=yes
lt_cv_prog_compiler_rtti_exceptions=no
lt_cv_prog_compiler_static_works=yes
lt_cv_prog_compiler_static_works_CXX=yes
lt_cv_prog_gnu_ld=yes
lt_cv_prog_gnu_ldcxx=yes
lt_cv_sharedlib_from_linklib_cmd='printf %s\n'
lt_cv_shlibpath_overrides_runpath=no
lt_cv_sys_global_symbol_pipe='sed -n -e '\''s/^.*[	 ]\([ABCDGIRSTW][ABCDGIRSTW]*\)[	 ][	 ]*\([_A-Za-z][_A-Za-z0-9]*\)$/\1 \2 \2/p'\'' | sed '\''/ __gnu_lto/d'\'''
lt_cv_sys_global_symbol_to_c_name_address='sed -n -e '\''s/^: \(.*\) .*$/  {"\1", (void *) 0},/p'\'' -e '\''s/^[ABCDGIRSTW][ABCDGIRSTW]* .* \(.*\)$/  {"\1", (void *) \&\1},/p'\'''
lt_cv_sys_global_symbol_to_c_name_address_lib_prefix='sed -n -e '\''s/^: \(.*\) .*$/  {"\1", (void *) 0},/p'\'' -e '\''s/^[ABCDGIRSTW][ABCDGIRSTW]* .* \(lib.*\)$/  {"\1", (void *) \&\1},/p'\'' -e '\''s/^[ABCDGIRSTW][ABCDGIRSTW]* .* \(.*\)$/  {"lib\1", (void *) \&\1},/p'\'''
lt_cv_sys_global_symbol_to_cdecl='sed -n -e '\''s/^T .* \(.*\)$/extern int \1();/p'\'' -e '\''s/^[ABCDGIRSTW][ABCDGIRSTW]* .* \(.*\)$/extern char \1;/p'\'''
lt_cv_sys_global_symbol_to_import=
lt_cv_sys_max_cmd_len=1572864
lt_cv_to_host_file_cmd=func_convert_file_noop
lt_cv_to_tool_file_cmd=func_convert_file_noop
lt_cv_truncate_bin='/bin/dd bs=4096 count=1'

## ----------------- ##
## Output variables. ##
## ----------------- ##

ACLOCAL='${SHELL} /home/greder/Greder-Tangos/tools/aio-grab-sh4/missing aclocal-1.15'
AMDEPBACKSLASH='\'
AMDEP_FALSE='#'
AMDEP_TRUE=''
AMTAR='$${TAR-tar}'
AM_BACKSLASH='\'
AM_DEFAULT_V='$(AM_DEFAULT_VERBOSITY)'
AM_DEFAULT_VERBOSITY='0'
AM_V='$(V)'
AR='sh4-linux-ar'
AUTOCONF='${SHELL} /home/greder/Greder-Tangos/tools/aio-grab-sh4/missing autoconf'
AUTOHEADER='${SHELL} /home/greder/Greder-Tangos/tools/aio-grab-sh4/missing autoheader'
AUTOMAKE='${SHELL} /home/greder/Greder-Tangos/tools/aio-grab-sh4/missing automake-1.15'
AWK='gawk'
CC='sh4-linux-gcc'
CCDEPMODE='depmode=gcc3'
CFLAGS='-pipe -Os  -ffunction-sections -fdata-sections -I/home/greder/Greder-Tangos/tufsbox/cdkroot/usr/include'
CPP='sh4-linux-gcc -E'
CPPFLAGS=' -I/home/greder/Greder-Tangos/driver/bpamem'
CXX='sh4-linux-g++'
CXXCPP='sh4-linux-g++ -E'
CXXDEPMODE='depmode=gcc3'
CXXFLAGS='-pipe -Os  -ffunction-sections -fdata-sections -I/home/greder/Greder-Tangos/tufsbox/cdkroot/usr/include'
CYGPATH_W='echo'
DEFS='-DHAVE_CONFIG_H'
DEPDIR='.deps'
DLLTOOL='false'
DSYMUTIL=''
DUMPBIN=''
ECHO_C=''
ECHO_N='-n'
ECHO_T=''
EGREP='/bin/grep -E'
EXEEXT=''
FGREP='/bin/grep -F'
GREP='/bin/grep'
INSTALL_DATA='${INSTALL} -m 644'
INSTALL_PROGRAM='${INSTALL}'
INSTALL_SCRIPT='${INSTALL}'
INSTALL_STRIP_PROGRAM='$(install_sh) -c -s'
LD='sh4-linux-ld'
LDFLAGS=' -Wl,-rpath -Wl,/usr/lib -Wl,-rpath-link -Wl,/home/greder/Greder-Tangos/tufsbox/cdkroot/usr/lib -L/home/greder/Greder-Tangos/tufsbox/cdkroot/usr/lib -L/home/greder/Greder-Tangos/tufsbox/cdkroot/lib -Wl,--gc-sections'
LIBOBJS=''
LIBS=''
LIBTOOL='$(SHELL) $(top_builddir)/libtool'
LIPO=''
LN_S='ln -s'
LTLIBOBJS=''
LT_SYS_LIBRARY_PATH=''
MAKEINFO='${SHELL} /home/greder/Greder-Tangos/tools/aio-grab-sh4/missing makeinfo'
MANIFEST_TOOL=':'
MKDIR_P='/bin/mkdir -p'
NM='sh4-linux-nm'
NMEDIT=''
OBJDUMP='sh4-linux-objdump'
OBJEXT='o'
OTOOL64=''
OTOOL=''
PACKAGE='grab'
PACKAGE_BUGREPORT=''
PACKAGE_NAME='grab'
PACKAGE_STRING='grab 1.0'
PACKAGE_TARNAME='grab'
PACKAGE_URL=''
PACKAGE_VERSION='1.0'
PATH_SEPARATOR=':'
RANLIB='sh4-linux-ranlib'
SED='/bin/sed'
SET_MAKE=''
SHELL='/bin/sh'
STRIP='sh4-linux-strip'
VERSION='1.0'
ac_ct_AR=''
ac_ct_CC=''
ac_ct_CXX=''
ac_ct_DUMPBIN=''
am__EXEEXT_FALSE=''
am__EXEEXT_TRUE='#'
am__fastdepCC_FALSE='#'
am__fastdepCC_TRUE=''
am__fastdepCXX_FALSE='#'
am__fastdepCXX_TRUE=''
am__include='include'
am__isrc=''
am__leading_dot='.'
am__nodep='_no'
am__quote=''
am__tar='$${TAR-tar} chof - "$$tardir"'
am__untar='$${TAR-tar} xf -'
bindir='${exec_prefix}/bin'
build='x86_64-pc-linux-gnu'
build_alias='x86_64-pc-linux-gnu'
build_cpu='x86_64'
build_os='linux-gnu'
build_vendor='pc'
datadir='${datarootdir}'
datarootdir='${prefix}/share'
docdir='${datarootdir}/doc/${PACKAGE_TARNAME}'
dvidir='${docdir}'
exec_prefix='${prefix}'
host='sh4-unknown-linux-gnu'
host_alias='sh4-linux'
host_cpu='sh4'
host_os='linux-gnu'
host_vendor='unknown'
htmldir='${docdir}'
includedir='${prefix}/include'
infodir='${datarootdir}/info'
install_sh='${SHELL} /home/greder/Greder-Tangos/tools/aio-grab-sh4/install-sh'
libdir='${exec_prefix}/lib'
libexecdir='${exec_prefix}/libexec'
localedir='${datarootdir}/locale'
localstatedir='${prefix}/var'
mandir='${datarootdir}/man'
mkdir_p='$(MKDIR_P)'
oldincludedir='/usr/include'
pdfdir='${docdir}'
prefix=''
program_transform_name='s,x,x,'
psdir='${docdir}'
runstatedir='${localstatedir}/run'
sbindir='${exec_prefix}/sbin'
sharedstatedir='${prefix}/com'
sysconfdir='${prefix}/etc'
target_alias=''

## ----------- ##
## confdefs.h. ##
## ----------- ##

/* confdefs.h */
#define PACKAGE_NAME "grab"
#define PACKAGE_TARNAME "grab"
#define PACKAGE_VERSION "1.0"
#define PACKAGE_STRING "grab 1.0"
#define PACKAGE_BUGREPORT ""
#define PACKAGE_URL ""
#define PACKAGE "grab"
#define VERSION "1.0"
#define STDC_HEADERS 1
#define HAVE_SYS_TYPES_H 1
#define HAVE_SYS_STAT_H 1
#define HAVE_STDLIB_H 1
#define HAVE_STRING_H 1
#define HAVE_MEMORY_H 1
#define HAVE_STRINGS_H 1
#define HAVE_INTTYPES_H 1
#define HAVE_STDINT_H 1
#define HAVE_UNISTD_H 1
#define HAVE_DLFCN_H 1
#define LT_OBJDIR ".libs/"

configure: exit 0
